SF:lib/src/firestore_paging_controller.dart
DA:33,1
DA:39,1
DA:43,0
DA:49,1
DA:57,2
DA:60,2
DA:61,0
DA:62,1
DA:64,2
DA:66,2
DA:67,1
DA:68,1
DA:69,4
DA:70,0
DA:71,0
DA:72,0
DA:73,0
DA:79,5
DA:84,5
DA:88,3
DA:90,1
DA:92,2
DA:95,0
DA:97,0
DA:99,0
DA:102,0
DA:103,0
DA:104,0
DA:105,0
DA:108,0
DA:110,0
DA:111,0
DA:114,0
LF:33
LH:16
end_of_record
SF:lib/src/data_cursor.dart
DA:6,1
DA:11,0
DA:17,0
DA:18,0
DA:22,0
DA:23,0
DA:26,0
DA:28,0
DA:29,0
DA:30,0
DA:33,0
DA:35,0
DA:36,0
DA:37,0
DA:40,0
DA:42,0
DA:44,0
LF:17
LH:1
end_of_record
