SF:lib/src/firestore_paging_controller.dart
DA:47,1
DA:56,1
DA:60,1
DA:68,1
DA:78,3
DA:81,2
DA:82,0
DA:84,4
DA:85,1
DA:87,2
DA:89,2
DA:90,1
DA:91,1
DA:92,4
DA:93,4
DA:94,2
DA:100,5
DA:105,5
DA:109,1
DA:110,3
DA:113,1
DA:115,1
DA:117,2
DA:120,1
DA:122,1
DA:123,1
DA:124,3
DA:125,6
DA:126,1
DA:127,1
DA:129,1
DA:132,1
DA:133,4
DA:134,2
DA:135,1
DA:137,1
DA:138,1
DA:140,2
DA:141,1
DA:144,5
DA:146,1
DA:150,3
DA:151,4
DA:152,2
DA:153,1
DA:154,2
DA:156,2
DA:160,3
DA:161,3
DA:162,2
DA:163,1
DA:164,2
DA:165,2
DA:166,1
DA:168,3
DA:169,4
DA:174,5
DA:177,2
DA:180,1
DA:183,10
DA:184,1
DA:186,1
DA:187,1
DA:188,7
DA:190,7
DA:195,1
DA:197,1
DA:198,1
DA:201,1
LF:69
LH:68
end_of_record
SF:lib/src/data_cursor.dart
DA:6,1
DA:11,2
DA:15,1
DA:16,2
DA:18,1
DA:22,1
DA:24,2
DA:26,3
DA:29,1
DA:31,3
DA:33,3
DA:35,1
DA:37,1
LF:13
LH:13
end_of_record
